<?xml version="1.0" encoding="UTF-8"?>
<testng-results ignored="0" total="1" passed="1" failed="0" skipped="0">
  <reporter-output>
  </reporter-output>
  <suite started-at="2023-10-05T05:51:43Z" name="Examples.NavigationTest" finished-at="2023-10-05T05:51:56Z" duration-ms="13723">
    <groups>
    </groups>
    <test started-at="2023-10-05T05:51:43Z" name="Command line test" finished-at="2023-10-05T05:51:56Z" duration-ms="13723">
      <class name="Examples.NavigationTest">
        <test-method is-config="true" signature="beforeMethod()[pri:0, instance:Examples.NavigationTest@e720b71]" started-at="2023-10-05T11:21:43Z" name="beforeMethod" finished-at="2023-10-05T11:21:47Z" duration-ms="3837" status="PASS">
          <reporter-output>
          </reporter-output>
        </test-method> <!-- beforeMethod -->
        <test-method signature="navigateToAUrl()[pri:0, instance:Examples.NavigationTest@e720b71]" started-at="2023-10-05T11:21:47Z" name="navigateToAUrl" finished-at="2023-10-05T11:21:56Z" duration-ms="9070" status="PASS">
          <reporter-output>
          </reporter-output>
        </test-method> <!-- navigateToAUrl -->
        <test-method is-config="true" signature="afterMethod()[pri:0, instance:Examples.NavigationTest@e720b71]" started-at="2023-10-05T11:21:56Z" name="afterMethod" finished-at="2023-10-05T11:21:56Z" duration-ms="771" status="PASS">
          <reporter-output>
          </reporter-output>
        </test-method> <!-- afterMethod -->
      </class> <!-- Examples.NavigationTest -->
    </test> <!-- Command line test -->
  </suite> <!-- Examples.NavigationTest -->
</testng-results>
