<?xml version="1.0" encoding="UTF-8"?>
<testng-results skipped="0" failed="0" ignored="0" total="1" passed="1">
  <reporter-output>
  </reporter-output>
  <suite name="Default suite" duration-ms="5549" started-at="2023-10-03T16:52:09Z" finished-at="2023-10-03T16:52:14Z">
    <groups>
    </groups>
    <test name="Default test" duration-ms="5549" started-at="2023-10-03T16:52:09Z" finished-at="2023-10-03T16:52:14Z">
      <class name="Examples.NavigationTest">
        <test-method status="PASS" signature="beforeMethod()[pri:0, instance:Examples.NavigationTest@5cee5251]" name="beforeMethod" is-config="true" duration-ms="3138" started-at="2023-10-03T22:22:09Z" finished-at="2023-10-03T22:22:12Z">
          <reporter-output>
          </reporter-output>
        </test-method> <!-- beforeMethod -->
        <test-method status="PASS" signature="navigateToAUrl()[pri:0, instance:Examples.NavigationTest@5cee5251]" name="navigateToAUrl" duration-ms="1438" started-at="2023-10-03T22:22:12Z" finished-at="2023-10-03T22:22:13Z">
          <reporter-output>
          </reporter-output>
        </test-method> <!-- navigateToAUrl -->
        <test-method status="PASS" signature="afterMethod()[pri:0, instance:Examples.NavigationTest@5cee5251]" name="afterMethod" is-config="true" duration-ms="921" started-at="2023-10-03T22:22:13Z" finished-at="2023-10-03T22:22:14Z">
          <reporter-output>
          </reporter-output>
        </test-method> <!-- afterMethod -->
      </class> <!-- Examples.NavigationTest -->
    </test> <!-- Default test -->
  </suite> <!-- Default suite -->
</testng-results>
